<?xml version="1.0" encoding="UTF-8"?>
<!-- Generated by org.testng.reporters.JUnitReportReporter -->
<testsuite hostname="DESKTOP-ESQ6V0D" failures="0" tests="1" name="mmp_proj.MakeMyTripSearch" time="106.444" errors="0" timestamp="2023-06-28T08:09:28 IST" skipped="0">
  <testcase classname="mmp_proj.MakeMyTripSearch" name="makeMyTripSearch" time="106.444"/>
  <system-out/>
</testsuite> <!-- mmp_proj.MakeMyTripSearch -->
